12:27:37.061 | ------------------------------
12:27:37.068 | ==== HYB GRASP→MEMETIC | START ====
12:27:37.076 | CFG | GRASP_SEEDS=5  MEMETIC_TIME_MS=120000
12:27:37.080 | CFG | seed0=1449385111679800  parts=12
12:27:37.086 | GRASP seed 00 (seed=1449385111679800) | start
12:34:18.650 | ------------------------------
12:34:18.650 | RESUMEN (GRASP seed 00)
12:34:18.650 | Seed               : 1449385111679800
12:34:18.650 | Piezas a posicionar: 12
12:34:18.650 | Piezas colocadas   : 104
12:34:18.651 | % aprovechamiento  : 55.210 %
12:34:18.651 | Área colocada      : 810,925.000
12:34:18.651 | Área plancha       : 1,468,792.762
12:34:18.654 | Área desperdiciada : 657,867.762
12:34:18.654 | Ymax               : 984.198
12:34:18.657 | Tiempo GRASP seed 00     : 401525 ms (401.525 s)
12:34:18.657 | ------------------------------
12:34:19.339 | GRASP seed 01 (seed=1449385111679801) | start
12:40:59.449 | ------------------------------
12:40:59.449 | RESUMEN (GRASP seed 01)
12:40:59.449 | Seed               : 1449385111679801
12:40:59.449 | Piezas a posicionar: 12
12:40:59.449 | Piezas colocadas   : 101
12:40:59.449 | % aprovechamiento  : 54.291 %
12:40:59.449 | Área colocada      : 797,425.000
12:40:59.450 | Área plancha       : 1,468,792.762
12:40:59.450 | Área desperdiciada : 671,367.762
12:40:59.450 | Ymax               : 978.362
12:40:59.450 | Tiempo GRASP seed 01     : 400101 ms (400.101 s)
12:40:59.450 | ------------------------------
12:40:59.803 | GRASP seed 02 (seed=1449385111679802) | start
12:47:39.957 | ------------------------------
12:47:39.957 | RESUMEN (GRASP seed 02)
12:47:39.957 | Seed               : 1449385111679802
12:47:39.957 | Piezas a posicionar: 12
12:47:39.957 | Piezas colocadas   : 102
12:47:39.957 | % aprovechamiento  : 55.360 %
12:47:39.957 | Área colocada      : 813,125.000
12:47:39.957 | Área plancha       : 1,468,792.762
12:47:39.957 | Área desperdiciada : 655,667.762
12:47:39.957 | Ymax               : 990.891
12:47:39.957 | Tiempo GRASP seed 02     : 400146 ms (400.146 s)
12:47:39.957 | ------------------------------
12:47:40.275 | GRASP seed 03 (seed=1449385111679803) | start
12:54:20.534 | ------------------------------
12:54:20.534 | RESUMEN (GRASP seed 03)
12:54:20.534 | Seed               : 1449385111679803
12:54:20.534 | Piezas a posicionar: 12
12:54:20.534 | Piezas colocadas   : 107
12:54:20.534 | % aprovechamiento  : 56.633 %
12:54:20.534 | Área colocada      : 831,825.000
12:54:20.535 | Área plancha       : 1,468,792.762
12:54:20.535 | Área desperdiciada : 636,967.762
12:54:20.535 | Ymax               : 986.154
12:54:20.535 | Tiempo GRASP seed 03     : 400251 ms (400.251 s)
12:54:20.535 | ------------------------------
12:54:20.867 | GRASP seed 04 (seed=1449385111679804) | start
13:01:02.339 | ------------------------------
13:01:02.339 | RESUMEN (GRASP seed 04)
13:01:02.339 | Seed               : 1449385111679804
13:01:02.340 | Piezas a posicionar: 12
13:01:02.340 | Piezas colocadas   : 103
13:01:02.340 | % aprovechamiento  : 55.605 %
13:01:02.340 | Área colocada      : 816,725.000
13:01:02.340 | Área plancha       : 1,468,792.762
13:01:02.340 | Área desperdiciada : 652,067.762
13:01:02.340 | Ymax               : 986.539
13:01:02.340 | Tiempo GRASP seed 04     : 401465 ms (401.465 s)
13:01:02.340 | ------------------------------
13:01:02.626 | MEMETIC | improveFromPopulation | start
13:01:02.628 | ------------------------------
13:01:02.628 | ==== HYBRID-MEMETIC | START ====
13:01:02.628 | CFG | POP_SIZE=36 ELITE=4 GEN_MAX=200 K=3
13:01:02.631 | CFG | seed=1449385111680577 parts=12 timeLimitMs=120000
13:01:16.686 | INIT | población=36 (seeds=5)
13:01:27.009 | GEN 0 | bestPlaced=107 | area=831,825.000 | yMax=966.108
13:01:31.877 | GEN 10 | bestPlaced=107 | area=831,825.000 | yMax=966.108
13:01:35.682 | GEN 20 | bestPlaced=107 | area=831,825.000 | yMax=966.108
13:01:39.148 | GEN 30 | bestPlaced=107 | area=831,825.000 | yMax=966.108
13:01:42.447 | GEN 40 | bestPlaced=107 | area=831,825.000 | yMax=966.108
13:01:46.196 | GEN 50 | bestPlaced=107 | area=831,825.000 | yMax=966.108
13:01:49.947 | GEN 60 | bestPlaced=107 | area=831,825.000 | yMax=966.108
13:15:05.749 | GEN 65 | bestPlaced=107 | area=831,825.000 | yMax=966.108
13:15:08.034 | ------------------------------
13:15:08.034 | RESUMEN (HYBRID-MEMETIC)
13:15:08.035 | Seed               : 1449385111680577
13:15:08.035 | Piezas a posicionar: 12
13:15:08.035 | Piezas colocadas   : 107
13:15:08.036 | % aprovechamiento  : 56.633 %
13:15:08.036 | Área colocada      : 831,825.000
13:15:08.036 | Área plancha       : 1,468,792.762
13:15:08.036 | Área desperdiciada : 636,967.762
13:15:08.036 | Ymax               : 966.108
13:15:08.036 | Tiempo total       : 845406 ms (845.406 s)
13:15:08.036 | ------------------------------
13:15:08.036 | BEST | HYB-MEM | colocadas=107 | area=831,825.000 | yMax=966.108
13:15:08.036 | ------------------------------
13:15:08.058 | ------------------------------
13:15:08.058 | RESUMEN (HYB-MEM)
13:15:08.058 | Seed               : 1449385111680577
13:15:08.058 | Piezas a posicionar: 12
13:15:08.058 | Piezas colocadas   : 107
13:15:08.058 | % aprovechamiento  : 56.633 %
13:15:08.058 | Área colocada      : 831,825.000
13:15:08.058 | Área plancha       : 1,468,792.762
13:15:08.059 | Área desperdiciada : 636,967.762
13:15:08.059 | Ymax               : 966.108
13:15:08.059 | Tiempo HYB-MEM     : 845411 ms (845.411 s)
13:15:08.059 | ------------------------------
13:15:08.059 | ------------------------------
13:15:08.059 | RESUMEN FINAL (HYBRID)
13:15:08.059 | Seed               : 1449385111680577
13:15:08.059 | Piezas a posicionar: 12
13:15:08.059 | Piezas colocadas   : 107
13:15:08.060 | % aprovechamiento  : 56.633 %
13:15:08.060 | Área colocada      : 831,825.000
13:15:08.060 | Área plancha       : 1,468,792.762
13:15:08.060 | Área desperdiciada : 636,967.762
13:15:08.060 | Ymax               : 966.108
13:15:08.060 | Tiempo total       : 2850999 ms (2,850.999 s)
13:15:08.060 | ------------------------------
13:15:08.071 | BEST | HYB-MEM | colocadas=107 | area=831,825.000 | yMax=966.108
13:15:08.071 | ------------------------------
12:32:03.595 | ------------------------------
12:32:03.601 | ==== HYB GRASP→MEMETIC | START ====
12:32:03.608 | CFG | GRASP_SEEDS=5  MEMETIC_TIME_MS=120000
12:32:03.613 | CFG | seed0=1536056664014600  parts=12
12:32:03.619 | INPUT | Figuras distintas recibidas : 12
12:32:03.619 | INPUT | Total de figuras a colocar  : 122
12:32:03.625 | GRASP seed 00 (seed=1536056664014600) | start
12:34:43.482 | ------------------------------
12:34:43.505 | ==== HYB GRASP→MEMETIC | START ====
12:34:43.537 | CFG | GRASP_SEEDS=5  MEMETIC_TIME_MS=120000
12:34:43.561 | CFG | seed0=1536216550547400  parts=12
12:34:43.592 | GRASP seed 00 (seed=1536216550547400) | start
12:36:02.620 | INPUT | Figuras distintas recibidas : 12
12:36:05.605 | INPUT | Total de figuras a colocar  : 122
12:36:31.144 | ------------------------------
12:36:31.144 | ==== HYB GRASP→MEMETIC | START ====
